Build started 2/18/2014 11:50:29 PM.
     1>Project "C:\Users\Ashwin\Documents\Visual Studio 2012\Projects\MyGame\MyGame\MyGame.vcxproj" on node 2 (Build target(s)).
     1>ClCompile:
         C:\Program Files (x86)\Microsoft Visual Studio 11.0\VC\bin\CL.exe /c /I"C:\Users\FYP\SFML-2.1\include" /IC:\Users\FYP\WinHttpClient_20100921\Common\Include /I"C:\Program Files (x86)\Microsoft Visual Studio 8\VC\atlmfc\include" /ZI /nologo /W3 /WX- /Od /Oy- /D SFML_DYNAMIC /D WIN32 /D _DEBUG /D _CONSOLE /D _UNICODE /D UNICODE /Gm /EHsc /RTC1 /MDd /GS /fp:precise /Zc:wchar_t /Zc:forScope /Fo"Debug\\" /Fd"Debug\vc110.pdb" /Gd /TP /analyze- /errorReport:prompt main.cpp
         main.cpp
     1>c:\users\ashwin\documents\visual studio 2012\projects\mygame\mygame\externalfunctions.h(51): warning C4996: 'strcpy': This function or variable may be unsafe. Consider using strcpy_s instead. To disable deprecation, use _CRT_SECURE_NO_WARNINGS. See online help for details.
                 c:\program files (x86)\microsoft visual studio 11.0\vc\include\string.h(110) : see declaration of 'strcpy'
     1>c:\users\ashwin\documents\visual studio 2012\projects\mygame\mygame\externalfunctions.h(71): warning C4996: 'strcpy': This function or variable may be unsafe. Consider using strcpy_s instead. To disable deprecation, use _CRT_SECURE_NO_WARNINGS. See online help for details.
                 c:\program files (x86)\microsoft visual studio 11.0\vc\include\string.h(110) : see declaration of 'strcpy'
     1>c:\users\ashwin\documents\visual studio 2012\projects\mygame\mygame\externalfunctions.h(79): warning C4996: 'strcpy': This function or variable may be unsafe. Consider using strcpy_s instead. To disable deprecation, use _CRT_SECURE_NO_WARNINGS. See online help for details.
                 c:\program files (x86)\microsoft visual studio 11.0\vc\include\string.h(110) : see declaration of 'strcpy'
     1>c:\users\ashwin\documents\visual studio 2012\projects\mygame\mygame\externalfunctions.h(86): warning C4996: 'strcpy': This function or variable may be unsafe. Consider using strcpy_s instead. To disable deprecation, use _CRT_SECURE_NO_WARNINGS. See online help for details.
                 c:\program files (x86)\microsoft visual studio 11.0\vc\include\string.h(110) : see declaration of 'strcpy'
     1>c:\users\ashwin\documents\visual studio 2012\projects\mygame\mygame\externalfunctions.h(97): warning C4996: 'strcpy': This function or variable may be unsafe. Consider using strcpy_s instead. To disable deprecation, use _CRT_SECURE_NO_WARNINGS. See online help for details.
                 c:\program files (x86)\microsoft visual studio 11.0\vc\include\string.h(110) : see declaration of 'strcpy'
     1>c:\users\ashwin\documents\visual studio 2012\projects\mygame\mygame\externalfunctions.h(143): warning C4715: 'compileCode' : not all control paths return a value
       Link:
         C:\Program Files (x86)\Microsoft Visual Studio 11.0\VC\bin\link.exe /ERRORREPORT:PROMPT /OUT:"C:\Users\Ashwin\Documents\Visual Studio 2012\Projects\MyGame\Debug\MyGame.exe" /INCREMENTAL /NOLOGO /LIBPATH:"C:\Users\FYP\SFML-2.1\lib" /LIBPATH:"C:\Program Files (x86)\Microsoft Visual Studio 8\VC\atlmfc\lib" "sfml-main-d.lib" "sfml-window-d.lib" "sfml-audio-d.lib" "sfml-graphics-d.lib" "sfml-system-d.lib" kernel32.lib user32.lib gdi32.lib winspool.lib comdlg32.lib advapi32.lib shell32.lib ole32.lib oleaut32.lib uuid.lib odbc32.lib odbccp32.lib /MANIFEST /MANIFESTUAC:"level='asInvoker' uiAccess='false'" /manifest:embed /DEBUG /PDB:"C:\Users\Ashwin\Documents\Visual Studio 2012\Projects\MyGame\Debug\MyGame.pdb" /SUBSYSTEM:CONSOLE /TLBID:1 /DYNAMICBASE /NXCOMPAT /IMPLIB:"C:\Users\Ashwin\Documents\Visual Studio 2012\Projects\MyGame\Debug\MyGame.lib" /MACHINE:X86 Debug\Animation.obj
         Debug\main.obj
     1>main.obj : warning LNK4254: section 'ATL' (50000040) merged into '.rdata' (40000040) with different attributes
     1>atlsd.lib(AtlDebugAPI.obj) : warning LNK4254: section 'ATL' (50000040) merged into '.rdata' (40000040) with different attributes
     1>atlsd.lib(Externs.obj) : warning LNK4254: section 'ATL' (50000040) merged into '.rdata' (40000040) with different attributes
     1>atlsd.lib(atltrace.obj) : warning LNK4254: section 'ATL' (50000040) merged into '.rdata' (40000040) with different attributes
     1>atlsd.lib(AtlTraceModuleManager.obj) : warning LNK4254: section 'ATL' (50000040) merged into '.rdata' (40000040) with different attributes
     1>atlsd.lib(Allocate.obj) : warning LNK4254: section 'ATL' (50000040) merged into '.rdata' (40000040) with different attributes
         MyGame.vcxproj -> C:\Users\Ashwin\Documents\Visual Studio 2012\Projects\MyGame\Debug\MyGame.exe
     1>Done Building Project "C:\Users\Ashwin\Documents\Visual Studio 2012\Projects\MyGame\MyGame\MyGame.vcxproj" (Build target(s)).

Build succeeded.

Time Elapsed 00:00:06.89
