C:\USERS\USER\DOCUMENTS\VISUAL STUDIO 2012\PROJECTS\MYGAME\MYGAME\DEBUG\ANIMATION.OBJ
C:\USERS\USER\DOCUMENTS\VISUAL STUDIO 2012\PROJECTS\MYGAME\MYGAME\DEBUG\MAIN.OBJ
C:\USERS\USER\DOCUMENTS\VISUAL STUDIO 2012\PROJECTS\MYGAME\MYGAME\DEBUG\VC110.PDB
C:\USERS\USER\DOCUMENTS\VISUAL STUDIO 2012\PROJECTS\MYGAME\DEBUG\MYGAME.ILK
C:\USERS\USER\DOCUMENTS\VISUAL STUDIO 2012\PROJECTS\MYGAME\DEBUG\MYGAME.EXE
C:\USERS\USER\DOCUMENTS\VISUAL STUDIO 2012\PROJECTS\MYGAME\DEBUG\MYGAME.PDB
C:\Users\user\Documents\Visual Studio 2012\Projects\MyGame\MyGame\Debug\Animation.obj
C:\Users\user\Documents\Visual Studio 2012\Projects\MyGame\MyGame\Debug\main.obj
C:\Users\user\Documents\Visual Studio 2012\Projects\MyGame\MyGame\Debug\cl.command.1.tlog
C:\Users\user\Documents\Visual Studio 2012\Projects\MyGame\MyGame\Debug\CL.read.1.tlog
C:\Users\user\Documents\Visual Studio 2012\Projects\MyGame\MyGame\Debug\CL.write.1.tlog
C:\Users\user\Documents\Visual Studio 2012\Projects\MyGame\MyGame\Debug\link-cvtres.read.1.tlog
C:\Users\user\Documents\Visual Studio 2012\Projects\MyGame\MyGame\Debug\link-cvtres.write.1.tlog
C:\Users\user\Documents\Visual Studio 2012\Projects\MyGame\MyGame\Debug\link-rc.read.1.tlog
C:\Users\user\Documents\Visual Studio 2012\Projects\MyGame\MyGame\Debug\link-rc.write.1.tlog
C:\Users\user\Documents\Visual Studio 2012\Projects\MyGame\MyGame\Debug\link.10540-cvtres.read.1.tlog
C:\Users\user\Documents\Visual Studio 2012\Projects\MyGame\MyGame\Debug\link.10540-cvtres.write.1.tlog
C:\Users\user\Documents\Visual Studio 2012\Projects\MyGame\MyGame\Debug\link.10540-rc.read.1.tlog
C:\Users\user\Documents\Visual Studio 2012\Projects\MyGame\MyGame\Debug\link.10540-rc.write.1.tlog
C:\Users\user\Documents\Visual Studio 2012\Projects\MyGame\MyGame\Debug\link.10540.read.1.tlog
C:\Users\user\Documents\Visual Studio 2012\Projects\MyGame\MyGame\Debug\link.10540.write.1.tlog
C:\Users\user\Documents\Visual Studio 2012\Projects\MyGame\MyGame\Debug\link.1092-cvtres.read.1.tlog
C:\Users\user\Documents\Visual Studio 2012\Projects\MyGame\MyGame\Debug\link.1092-cvtres.write.1.tlog
C:\Users\user\Documents\Visual Studio 2012\Projects\MyGame\MyGame\Debug\link.1092-rc.read.1.tlog
C:\Users\user\Documents\Visual Studio 2012\Projects\MyGame\MyGame\Debug\link.1092-rc.write.1.tlog
C:\Users\user\Documents\Visual Studio 2012\Projects\MyGame\MyGame\Debug\link.1092.read.1.tlog
C:\Users\user\Documents\Visual Studio 2012\Projects\MyGame\MyGame\Debug\link.1092.write.1.tlog
C:\Users\user\Documents\Visual Studio 2012\Projects\MyGame\MyGame\Debug\link.10948-cvtres.read.1.tlog
C:\Users\user\Documents\Visual Studio 2012\Projects\MyGame\MyGame\Debug\link.10948-cvtres.write.1.tlog
C:\Users\user\Documents\Visual Studio 2012\Projects\MyGame\MyGame\Debug\link.10948-rc.read.1.tlog
C:\Users\user\Documents\Visual Studio 2012\Projects\MyGame\MyGame\Debug\link.10948-rc.write.1.tlog
C:\Users\user\Documents\Visual Studio 2012\Projects\MyGame\MyGame\Debug\link.10948.read.1.tlog
C:\Users\user\Documents\Visual Studio 2012\Projects\MyGame\MyGame\Debug\link.10948.write.1.tlog
C:\Users\user\Documents\Visual Studio 2012\Projects\MyGame\MyGame\Debug\link.12188-cvtres.read.1.tlog
C:\Users\user\Documents\Visual Studio 2012\Projects\MyGame\MyGame\Debug\link.12188-cvtres.write.1.tlog
C:\Users\user\Documents\Visual Studio 2012\Projects\MyGame\MyGame\Debug\link.12188-rc.read.1.tlog
C:\Users\user\Documents\Visual Studio 2012\Projects\MyGame\MyGame\Debug\link.12188-rc.write.1.tlog
C:\Users\user\Documents\Visual Studio 2012\Projects\MyGame\MyGame\Debug\link.12188.read.1.tlog
C:\Users\user\Documents\Visual Studio 2012\Projects\MyGame\MyGame\Debug\link.12188.write.1.tlog
C:\Users\user\Documents\Visual Studio 2012\Projects\MyGame\MyGame\Debug\link.13564-cvtres.read.1.tlog
C:\Users\user\Documents\Visual Studio 2012\Projects\MyGame\MyGame\Debug\link.13564-cvtres.write.1.tlog
C:\Users\user\Documents\Visual Studio 2012\Projects\MyGame\MyGame\Debug\link.13564-rc.read.1.tlog
C:\Users\user\Documents\Visual Studio 2012\Projects\MyGame\MyGame\Debug\link.13564-rc.write.1.tlog
C:\Users\user\Documents\Visual Studio 2012\Projects\MyGame\MyGame\Debug\link.13564.read.1.tlog
C:\Users\user\Documents\Visual Studio 2012\Projects\MyGame\MyGame\Debug\link.13564.write.1.tlog
C:\Users\user\Documents\Visual Studio 2012\Projects\MyGame\MyGame\Debug\link.15192-cvtres.read.1.tlog
C:\Users\user\Documents\Visual Studio 2012\Projects\MyGame\MyGame\Debug\link.15192-cvtres.write.1.tlog
C:\Users\user\Documents\Visual Studio 2012\Projects\MyGame\MyGame\Debug\link.15192-rc.read.1.tlog
C:\Users\user\Documents\Visual Studio 2012\Projects\MyGame\MyGame\Debug\link.15192-rc.write.1.tlog
C:\Users\user\Documents\Visual Studio 2012\Projects\MyGame\MyGame\Debug\link.15192.read.1.tlog
C:\Users\user\Documents\Visual Studio 2012\Projects\MyGame\MyGame\Debug\link.15192.write.1.tlog
C:\Users\user\Documents\Visual Studio 2012\Projects\MyGame\MyGame\Debug\link.15228-cvtres.read.1.tlog
C:\Users\user\Documents\Visual Studio 2012\Projects\MyGame\MyGame\Debug\link.15228-cvtres.write.1.tlog
C:\Users\user\Documents\Visual Studio 2012\Projects\MyGame\MyGame\Debug\link.15228-rc.read.1.tlog
C:\Users\user\Documents\Visual Studio 2012\Projects\MyGame\MyGame\Debug\link.15228-rc.write.1.tlog
C:\Users\user\Documents\Visual Studio 2012\Projects\MyGame\MyGame\Debug\link.15228.read.1.tlog
C:\Users\user\Documents\Visual Studio 2012\Projects\MyGame\MyGame\Debug\link.15228.write.1.tlog
C:\Users\user\Documents\Visual Studio 2012\Projects\MyGame\MyGame\Debug\link.17292-cvtres.read.1.tlog
C:\Users\user\Documents\Visual Studio 2012\Projects\MyGame\MyGame\Debug\link.17292-cvtres.write.1.tlog
C:\Users\user\Documents\Visual Studio 2012\Projects\MyGame\MyGame\Debug\link.17292-rc.read.1.tlog
C:\Users\user\Documents\Visual Studio 2012\Projects\MyGame\MyGame\Debug\link.17292-rc.write.1.tlog
C:\Users\user\Documents\Visual Studio 2012\Projects\MyGame\MyGame\Debug\link.17292.read.1.tlog
C:\Users\user\Documents\Visual Studio 2012\Projects\MyGame\MyGame\Debug\link.17292.write.1.tlog
C:\Users\user\Documents\Visual Studio 2012\Projects\MyGame\MyGame\Debug\link.2396-cvtres.read.1.tlog
C:\Users\user\Documents\Visual Studio 2012\Projects\MyGame\MyGame\Debug\link.2396-cvtres.write.1.tlog
C:\Users\user\Documents\Visual Studio 2012\Projects\MyGame\MyGame\Debug\link.2396-rc.read.1.tlog
C:\Users\user\Documents\Visual Studio 2012\Projects\MyGame\MyGame\Debug\link.2396-rc.write.1.tlog
C:\Users\user\Documents\Visual Studio 2012\Projects\MyGame\MyGame\Debug\link.2396.read.1.tlog
C:\Users\user\Documents\Visual Studio 2012\Projects\MyGame\MyGame\Debug\link.2396.write.1.tlog
C:\Users\user\Documents\Visual Studio 2012\Projects\MyGame\MyGame\Debug\link.2536-cvtres.read.1.tlog
C:\Users\user\Documents\Visual Studio 2012\Projects\MyGame\MyGame\Debug\link.2536-cvtres.write.1.tlog
C:\Users\user\Documents\Visual Studio 2012\Projects\MyGame\MyGame\Debug\link.2536-rc.read.1.tlog
C:\Users\user\Documents\Visual Studio 2012\Projects\MyGame\MyGame\Debug\link.2536-rc.write.1.tlog
C:\Users\user\Documents\Visual Studio 2012\Projects\MyGame\MyGame\Debug\link.2536.read.1.tlog
C:\Users\user\Documents\Visual Studio 2012\Projects\MyGame\MyGame\Debug\link.2536.write.1.tlog
C:\Users\user\Documents\Visual Studio 2012\Projects\MyGame\MyGame\Debug\link.2580-cvtres.read.1.tlog
C:\Users\user\Documents\Visual Studio 2012\Projects\MyGame\MyGame\Debug\link.2580-cvtres.write.1.tlog
C:\Users\user\Documents\Visual Studio 2012\Projects\MyGame\MyGame\Debug\link.2580-rc.read.1.tlog
C:\Users\user\Documents\Visual Studio 2012\Projects\MyGame\MyGame\Debug\link.2580-rc.write.1.tlog
C:\Users\user\Documents\Visual Studio 2012\Projects\MyGame\MyGame\Debug\link.2580.read.1.tlog
C:\Users\user\Documents\Visual Studio 2012\Projects\MyGame\MyGame\Debug\link.2580.write.1.tlog
C:\Users\user\Documents\Visual Studio 2012\Projects\MyGame\MyGame\Debug\link.2744-cvtres.read.1.tlog
C:\Users\user\Documents\Visual Studio 2012\Projects\MyGame\MyGame\Debug\link.2744-cvtres.write.1.tlog
C:\Users\user\Documents\Visual Studio 2012\Projects\MyGame\MyGame\Debug\link.2744-rc.read.1.tlog
C:\Users\user\Documents\Visual Studio 2012\Projects\MyGame\MyGame\Debug\link.2744-rc.write.1.tlog
C:\Users\user\Documents\Visual Studio 2012\Projects\MyGame\MyGame\Debug\link.2744.read.1.tlog
C:\Users\user\Documents\Visual Studio 2012\Projects\MyGame\MyGame\Debug\link.2744.write.1.tlog
C:\Users\user\Documents\Visual Studio 2012\Projects\MyGame\MyGame\Debug\link.3224-cvtres.read.1.tlog
C:\Users\user\Documents\Visual Studio 2012\Projects\MyGame\MyGame\Debug\link.3224-cvtres.write.1.tlog
C:\Users\user\Documents\Visual Studio 2012\Projects\MyGame\MyGame\Debug\link.3224-rc.read.1.tlog
C:\Users\user\Documents\Visual Studio 2012\Projects\MyGame\MyGame\Debug\link.3224-rc.write.1.tlog
C:\Users\user\Documents\Visual Studio 2012\Projects\MyGame\MyGame\Debug\link.3224.read.1.tlog
C:\Users\user\Documents\Visual Studio 2012\Projects\MyGame\MyGame\Debug\link.3224.write.1.tlog
C:\Users\user\Documents\Visual Studio 2012\Projects\MyGame\MyGame\Debug\link.3244-cvtres.read.1.tlog
C:\Users\user\Documents\Visual Studio 2012\Projects\MyGame\MyGame\Debug\link.3244-cvtres.write.1.tlog
C:\Users\user\Documents\Visual Studio 2012\Projects\MyGame\MyGame\Debug\link.3244-rc.read.1.tlog
C:\Users\user\Documents\Visual Studio 2012\Projects\MyGame\MyGame\Debug\link.3244-rc.write.1.tlog
C:\Users\user\Documents\Visual Studio 2012\Projects\MyGame\MyGame\Debug\link.3244.read.1.tlog
C:\Users\user\Documents\Visual Studio 2012\Projects\MyGame\MyGame\Debug\link.3244.write.1.tlog
C:\Users\user\Documents\Visual Studio 2012\Projects\MyGame\MyGame\Debug\link.4176-cvtres.read.1.tlog
C:\Users\user\Documents\Visual Studio 2012\Projects\MyGame\MyGame\Debug\link.4176-cvtres.write.1.tlog
C:\Users\user\Documents\Visual Studio 2012\Projects\MyGame\MyGame\Debug\link.4176-rc.read.1.tlog
C:\Users\user\Documents\Visual Studio 2012\Projects\MyGame\MyGame\Debug\link.4176-rc.write.1.tlog
C:\Users\user\Documents\Visual Studio 2012\Projects\MyGame\MyGame\Debug\link.4176.read.1.tlog
C:\Users\user\Documents\Visual Studio 2012\Projects\MyGame\MyGame\Debug\link.4176.write.1.tlog
C:\Users\user\Documents\Visual Studio 2012\Projects\MyGame\MyGame\Debug\link.4636-cvtres.read.1.tlog
C:\Users\user\Documents\Visual Studio 2012\Projects\MyGame\MyGame\Debug\link.4636-cvtres.write.1.tlog
C:\Users\user\Documents\Visual Studio 2012\Projects\MyGame\MyGame\Debug\link.4636-rc.read.1.tlog
C:\Users\user\Documents\Visual Studio 2012\Projects\MyGame\MyGame\Debug\link.4636-rc.write.1.tlog
C:\Users\user\Documents\Visual Studio 2012\Projects\MyGame\MyGame\Debug\link.4636.read.1.tlog
C:\Users\user\Documents\Visual Studio 2012\Projects\MyGame\MyGame\Debug\link.4636.write.1.tlog
C:\Users\user\Documents\Visual Studio 2012\Projects\MyGame\MyGame\Debug\link.4644-cvtres.read.1.tlog
C:\Users\user\Documents\Visual Studio 2012\Projects\MyGame\MyGame\Debug\link.4644-cvtres.write.1.tlog
C:\Users\user\Documents\Visual Studio 2012\Projects\MyGame\MyGame\Debug\link.4644-rc.read.1.tlog
C:\Users\user\Documents\Visual Studio 2012\Projects\MyGame\MyGame\Debug\link.4644-rc.write.1.tlog
C:\Users\user\Documents\Visual Studio 2012\Projects\MyGame\MyGame\Debug\link.4644.read.1.tlog
C:\Users\user\Documents\Visual Studio 2012\Projects\MyGame\MyGame\Debug\link.4644.write.1.tlog
C:\Users\user\Documents\Visual Studio 2012\Projects\MyGame\MyGame\Debug\link.4692-cvtres.read.1.tlog
C:\Users\user\Documents\Visual Studio 2012\Projects\MyGame\MyGame\Debug\link.4692-cvtres.write.1.tlog
C:\Users\user\Documents\Visual Studio 2012\Projects\MyGame\MyGame\Debug\link.4692-rc.read.1.tlog
C:\Users\user\Documents\Visual Studio 2012\Projects\MyGame\MyGame\Debug\link.4692-rc.write.1.tlog
C:\Users\user\Documents\Visual Studio 2012\Projects\MyGame\MyGame\Debug\link.4692.read.1.tlog
C:\Users\user\Documents\Visual Studio 2012\Projects\MyGame\MyGame\Debug\link.4692.write.1.tlog
C:\Users\user\Documents\Visual Studio 2012\Projects\MyGame\MyGame\Debug\link.5244-cvtres.read.1.tlog
C:\Users\user\Documents\Visual Studio 2012\Projects\MyGame\MyGame\Debug\link.5244-cvtres.write.1.tlog
C:\Users\user\Documents\Visual Studio 2012\Projects\MyGame\MyGame\Debug\link.5244-rc.read.1.tlog
C:\Users\user\Documents\Visual Studio 2012\Projects\MyGame\MyGame\Debug\link.5244-rc.write.1.tlog
C:\Users\user\Documents\Visual Studio 2012\Projects\MyGame\MyGame\Debug\link.5244.read.1.tlog
C:\Users\user\Documents\Visual Studio 2012\Projects\MyGame\MyGame\Debug\link.5244.write.1.tlog
C:\Users\user\Documents\Visual Studio 2012\Projects\MyGame\MyGame\Debug\link.5276-cvtres.read.1.tlog
C:\Users\user\Documents\Visual Studio 2012\Projects\MyGame\MyGame\Debug\link.5276-cvtres.write.1.tlog
C:\Users\user\Documents\Visual Studio 2012\Projects\MyGame\MyGame\Debug\link.5276-rc.read.1.tlog
C:\Users\user\Documents\Visual Studio 2012\Projects\MyGame\MyGame\Debug\link.5276-rc.write.1.tlog
C:\Users\user\Documents\Visual Studio 2012\Projects\MyGame\MyGame\Debug\link.5276.read.1.tlog
C:\Users\user\Documents\Visual Studio 2012\Projects\MyGame\MyGame\Debug\link.5276.write.1.tlog
C:\Users\user\Documents\Visual Studio 2012\Projects\MyGame\MyGame\Debug\link.5612-cvtres.read.1.tlog
C:\Users\user\Documents\Visual Studio 2012\Projects\MyGame\MyGame\Debug\link.5612-cvtres.write.1.tlog
C:\Users\user\Documents\Visual Studio 2012\Projects\MyGame\MyGame\Debug\link.5612-rc.read.1.tlog
C:\Users\user\Documents\Visual Studio 2012\Projects\MyGame\MyGame\Debug\link.5612-rc.write.1.tlog
C:\Users\user\Documents\Visual Studio 2012\Projects\MyGame\MyGame\Debug\link.5612.read.1.tlog
C:\Users\user\Documents\Visual Studio 2012\Projects\MyGame\MyGame\Debug\link.5612.write.1.tlog
C:\Users\user\Documents\Visual Studio 2012\Projects\MyGame\MyGame\Debug\link.5696-cvtres.read.1.tlog
C:\Users\user\Documents\Visual Studio 2012\Projects\MyGame\MyGame\Debug\link.5696-cvtres.write.1.tlog
C:\Users\user\Documents\Visual Studio 2012\Projects\MyGame\MyGame\Debug\link.5696-rc.read.1.tlog
C:\Users\user\Documents\Visual Studio 2012\Projects\MyGame\MyGame\Debug\link.5696-rc.write.1.tlog
C:\Users\user\Documents\Visual Studio 2012\Projects\MyGame\MyGame\Debug\link.5696.read.1.tlog
C:\Users\user\Documents\Visual Studio 2012\Projects\MyGame\MyGame\Debug\link.5696.write.1.tlog
C:\Users\user\Documents\Visual Studio 2012\Projects\MyGame\MyGame\Debug\link.5764-cvtres.read.1.tlog
C:\Users\user\Documents\Visual Studio 2012\Projects\MyGame\MyGame\Debug\link.5764-cvtres.write.1.tlog
C:\Users\user\Documents\Visual Studio 2012\Projects\MyGame\MyGame\Debug\link.5764-rc.read.1.tlog
C:\Users\user\Documents\Visual Studio 2012\Projects\MyGame\MyGame\Debug\link.5764-rc.write.1.tlog
C:\Users\user\Documents\Visual Studio 2012\Projects\MyGame\MyGame\Debug\link.5764.read.1.tlog
C:\Users\user\Documents\Visual Studio 2012\Projects\MyGame\MyGame\Debug\link.5764.write.1.tlog
C:\Users\user\Documents\Visual Studio 2012\Projects\MyGame\MyGame\Debug\link.6012-cvtres.read.1.tlog
C:\Users\user\Documents\Visual Studio 2012\Projects\MyGame\MyGame\Debug\link.6012-cvtres.write.1.tlog
C:\Users\user\Documents\Visual Studio 2012\Projects\MyGame\MyGame\Debug\link.6012-rc.read.1.tlog
C:\Users\user\Documents\Visual Studio 2012\Projects\MyGame\MyGame\Debug\link.6012-rc.write.1.tlog
C:\Users\user\Documents\Visual Studio 2012\Projects\MyGame\MyGame\Debug\link.6012.read.1.tlog
C:\Users\user\Documents\Visual Studio 2012\Projects\MyGame\MyGame\Debug\link.6012.write.1.tlog
C:\Users\user\Documents\Visual Studio 2012\Projects\MyGame\MyGame\Debug\link.628-cvtres.read.1.tlog
C:\Users\user\Documents\Visual Studio 2012\Projects\MyGame\MyGame\Debug\link.628-cvtres.write.1.tlog
C:\Users\user\Documents\Visual Studio 2012\Projects\MyGame\MyGame\Debug\link.628-rc.read.1.tlog
C:\Users\user\Documents\Visual Studio 2012\Projects\MyGame\MyGame\Debug\link.628-rc.write.1.tlog
C:\Users\user\Documents\Visual Studio 2012\Projects\MyGame\MyGame\Debug\link.628.read.1.tlog
C:\Users\user\Documents\Visual Studio 2012\Projects\MyGame\MyGame\Debug\link.628.write.1.tlog
C:\Users\user\Documents\Visual Studio 2012\Projects\MyGame\MyGame\Debug\link.6332-cvtres.read.1.tlog
C:\Users\user\Documents\Visual Studio 2012\Projects\MyGame\MyGame\Debug\link.6332-cvtres.write.1.tlog
C:\Users\user\Documents\Visual Studio 2012\Projects\MyGame\MyGame\Debug\link.6332-rc.read.1.tlog
C:\Users\user\Documents\Visual Studio 2012\Projects\MyGame\MyGame\Debug\link.6332-rc.write.1.tlog
C:\Users\user\Documents\Visual Studio 2012\Projects\MyGame\MyGame\Debug\link.6332.read.1.tlog
C:\Users\user\Documents\Visual Studio 2012\Projects\MyGame\MyGame\Debug\link.6332.write.1.tlog
C:\Users\user\Documents\Visual Studio 2012\Projects\MyGame\MyGame\Debug\link.8928-cvtres.read.1.tlog
C:\Users\user\Documents\Visual Studio 2012\Projects\MyGame\MyGame\Debug\link.8928-cvtres.write.1.tlog
C:\Users\user\Documents\Visual Studio 2012\Projects\MyGame\MyGame\Debug\link.8928-rc.read.1.tlog
C:\Users\user\Documents\Visual Studio 2012\Projects\MyGame\MyGame\Debug\link.8928-rc.write.1.tlog
C:\Users\user\Documents\Visual Studio 2012\Projects\MyGame\MyGame\Debug\link.8928.read.1.tlog
C:\Users\user\Documents\Visual Studio 2012\Projects\MyGame\MyGame\Debug\link.8928.write.1.tlog
C:\Users\user\Documents\Visual Studio 2012\Projects\MyGame\MyGame\Debug\link.command.1.tlog
C:\Users\user\Documents\Visual Studio 2012\Projects\MyGame\MyGame\Debug\link.read.1.tlog
C:\Users\user\Documents\Visual Studio 2012\Projects\MyGame\MyGame\Debug\link.write.1.tlog
C:\Users\user\Documents\Visual Studio 2012\Projects\MyGame\MyGame\Debug\vc110.idb
C:\Users\user\Documents\Visual Studio 2012\Projects\MyGame\MyGame\Debug\vc110.pdb
C:\Users\user\Documents\Visual Studio 2012\Projects\MyGame\Debug\MyGame.pdb
C:\Users\user\Documents\Visual Studio 2012\Projects\MyGame\Debug\MyGame.exe
C:\Users\user\Documents\Visual Studio 2012\Projects\MyGame\Debug\MyGame.ilk
